This file contains any messages produced by compilers while
running configure, to aid debugging if configure makes a mistake.

It was created by EnigmaLight configure rc2, which was
generated by GNU Autoconf 2.69.  Invocation command line was

  $ ./configure CC=mipsel-unknown-linux-gnu-gcc CXX=mipsel-unknown-linux-gnu-g++ --host=mipsel-unknown-linux-gnu CPPFLAGS=-msoft-float --prefix=/home/martijn/dev/usr/

## --------- ##
## Platform. ##
## --------- ##

hostname = ubuntu
uname -m = x86_64
uname -r = 3.16.0-30-generic
uname -s = Linux
uname -v = #40~14.04.1-Ubuntu SMP Thu Jan 15 17:43:14 UTC 2015

/usr/bin/uname -p = unknown
/bin/uname -X     = unknown

/bin/arch              = unknown
/usr/bin/arch -k       = unknown
/usr/convex/getsysinfo = unknown
/usr/bin/hostinfo      = unknown
/bin/machine           = unknown
/usr/bin/oslevel       = unknown
/bin/universe          = unknown

PATH: /usr/local/sbin
PATH: /usr/local/bin
PATH: /usr/sbin
PATH: /usr/bin
PATH: /sbin
PATH: /bin
PATH: /usr/games
PATH: /usr/local/games
PATH: /home/martijn/dev/compiler/bin


## ----------- ##
## Core tests. ##
## ----------- ##

configure:2218: checking for a BSD-compatible install
configure:2286: result: /usr/bin/install -c
configure:2297: checking whether build environment is sane
configure:2352: result: yes
configure:2411: checking for mipsel-unknown-linux-gnu-strip
configure:2427: found /home/martijn/dev/compiler/bin/mipsel-unknown-linux-gnu-strip
configure:2438: result: mipsel-unknown-linux-gnu-strip
configure:2503: checking for a thread-safe mkdir -p
configure:2542: result: /bin/mkdir -p
configure:2549: checking for gawk
configure:2565: found /usr/bin/gawk
configure:2576: result: gawk
configure:2587: checking whether make sets $(MAKE)
configure:2609: result: yes
configure:2638: checking whether make supports nested variables
configure:2655: result: yes
configure:2783: checking whether to enable maintainer-specific portions of Makefiles
configure:2792: result: no
configure:2818: checking for style of include used by make
configure:2846: result: GNU
configure:2877: checking for mipsel-unknown-linux-gnu-gcc
configure:2904: result: mipsel-unknown-linux-gnu-gcc
configure:3173: checking for C compiler version
configure:3182: mipsel-unknown-linux-gnu-gcc --version >&5
mipsel-unknown-linux-gnu-gcc (crosstool-NG 1.16.0) 4.3.2
Copyright (C) 2008 Free Software Foundation, Inc.
This is free software; see the source for copying conditions.  There is NO
warranty; not even for MERCHANTABILITY or FITNESS FOR A PARTICULAR PURPOSE.

configure:3193: $? = 0
configure:3182: mipsel-unknown-linux-gnu-gcc -v >&5
Using built-in specs.
Target: mipsel-unknown-linux-gnu
Configured with: /home/martijn/Bureaublad/crosstool-ng-1.16.0/.build/src/gcc-4.3.2/configure --build=x86_64-build_unknown-linux-gnu --host=x86_64-build_unknown-linux-gnu --target=mipsel-unknown-linux-gnu --prefix=/home/martijn/x-tools/mipsel-unknown-linux-gnu --with-sysroot=/home/martijn/x-tools/mipsel-unknown-linux-gnu/mipsel-unknown-linux-gnu/sysroot --enable-languages=c,c++ --with-arch=mips1 --with-abi=32 --with-float=soft --with-pkgversion='crosstool-NG 1.16.0' --enable-__cxa_atexit --disable-libmudflap --disable-libgomp --disable-libssp --with-gmp=/home/martijn/Bureaublad/crosstool-ng-1.16.0/.build/mipsel-unknown-linux-gnu/buildtools --with-mpfr=/home/martijn/Bureaublad/crosstool-ng-1.16.0/.build/mipsel-unknown-linux-gnu/buildtools --enable-threads=posix --enable-target-optspace --disable-nls --disable-multilib --with-local-prefix=/home/martijn/x-tools/mipsel-unknown-linux-gnu/mipsel-unknown-linux-gnu/sysroot --enable-c99 --enable-long-long
Thread model: posix
gcc version 4.3.2 (crosstool-NG 1.16.0) 
configure:3193: $? = 0
configure:3182: mipsel-unknown-linux-gnu-gcc -V >&5
mipsel-unknown-linux-gnu-gcc: '-V' option must have argument
configure:3193: $? = 1
configure:3182: mipsel-unknown-linux-gnu-gcc -qversion >&5
mipsel-unknown-linux-gnu-gcc: unrecognized option '-qversion'
mipsel-unknown-linux-gnu-gcc: no input files
configure:3193: $? = 1
configure:3213: checking whether the C compiler works
configure:3235: mipsel-unknown-linux-gnu-gcc  -msoft-float  conftest.c  >&5
configure:3239: $? = 0
configure:3287: result: yes
configure:3290: checking for C compiler default output file name
configure:3292: result: a.out
configure:3298: checking for suffix of executables
configure:3305: mipsel-unknown-linux-gnu-gcc -o conftest  -msoft-float  conftest.c  >&5
configure:3309: $? = 0
configure:3331: result: 
configure:3353: checking whether we are cross compiling
configure:3361: mipsel-unknown-linux-gnu-gcc -o conftest  -msoft-float  conftest.c  >&5
configure:3365: $? = 0
configure:3372: ./conftest
./configure: line 3374: ./conftest: cannot execute binary file: Exec format error
configure:3376: $? = 126
configure:3391: result: yes
configure:3396: checking for suffix of object files
configure:3418: mipsel-unknown-linux-gnu-gcc -c  -msoft-float conftest.c >&5
configure:3422: $? = 0
configure:3443: result: o
configure:3447: checking whether we are using the GNU C compiler
configure:3466: mipsel-unknown-linux-gnu-gcc -c  -msoft-float conftest.c >&5
configure:3466: $? = 0
configure:3475: result: yes
configure:3484: checking whether mipsel-unknown-linux-gnu-gcc accepts -g
configure:3504: mipsel-unknown-linux-gnu-gcc -c -g -msoft-float conftest.c >&5
configure:3504: $? = 0
configure:3545: result: yes
configure:3562: checking for mipsel-unknown-linux-gnu-gcc option to accept ISO C89
configure:3625: mipsel-unknown-linux-gnu-gcc  -c -g -O2 -msoft-float conftest.c >&5
configure:3625: $? = 0
configure:3638: result: none needed
configure:3663: checking whether mipsel-unknown-linux-gnu-gcc understands -c and -o together
configure:3685: mipsel-unknown-linux-gnu-gcc -c conftest.c -o conftest2.o
configure:3688: $? = 0
configure:3685: mipsel-unknown-linux-gnu-gcc -c conftest.c -o conftest2.o
configure:3688: $? = 0
configure:3700: result: yes
configure:3719: checking dependency style of mipsel-unknown-linux-gnu-gcc
configure:3830: result: gcc3
configure:3846: checking for library containing strerror
configure:3877: mipsel-unknown-linux-gnu-gcc -o conftest -g -O2 -msoft-float  conftest.c  >&5
configure:3877: $? = 0
configure:3894: result: none required
configure:4015: checking for C++ compiler version
configure:4024: mipsel-unknown-linux-gnu-g++ --version >&5
mipsel-unknown-linux-gnu-g++ (crosstool-NG 1.16.0) 4.3.2
Copyright (C) 2008 Free Software Foundation, Inc.
This is free software; see the source for copying conditions.  There is NO
warranty; not even for MERCHANTABILITY or FITNESS FOR A PARTICULAR PURPOSE.

configure:4035: $? = 0
configure:4024: mipsel-unknown-linux-gnu-g++ -v >&5
Using built-in specs.
Target: mipsel-unknown-linux-gnu
Configured with: /home/martijn/Bureaublad/crosstool-ng-1.16.0/.build/src/gcc-4.3.2/configure --build=x86_64-build_unknown-linux-gnu --host=x86_64-build_unknown-linux-gnu --target=mipsel-unknown-linux-gnu --prefix=/home/martijn/x-tools/mipsel-unknown-linux-gnu --with-sysroot=/home/martijn/x-tools/mipsel-unknown-linux-gnu/mipsel-unknown-linux-gnu/sysroot --enable-languages=c,c++ --with-arch=mips1 --with-abi=32 --with-float=soft --with-pkgversion='crosstool-NG 1.16.0' --enable-__cxa_atexit --disable-libmudflap --disable-libgomp --disable-libssp --with-gmp=/home/martijn/Bureaublad/crosstool-ng-1.16.0/.build/mipsel-unknown-linux-gnu/buildtools --with-mpfr=/home/martijn/Bureaublad/crosstool-ng-1.16.0/.build/mipsel-unknown-linux-gnu/buildtools --enable-threads=posix --enable-target-optspace --disable-nls --disable-multilib --with-local-prefix=/home/martijn/x-tools/mipsel-unknown-linux-gnu/mipsel-unknown-linux-gnu/sysroot --enable-c99 --enable-long-long
Thread model: posix
gcc version 4.3.2 (crosstool-NG 1.16.0) 
configure:4035: $? = 0
configure:4024: mipsel-unknown-linux-gnu-g++ -V >&5
mipsel-unknown-linux-gnu-g++: '-V' option must have argument
configure:4035: $? = 1
configure:4024: mipsel-unknown-linux-gnu-g++ -qversion >&5
mipsel-unknown-linux-gnu-g++: unrecognized option '-qversion'
mipsel-unknown-linux-gnu-g++: no input files
configure:4035: $? = 1
configure:4039: checking whether we are using the GNU C++ compiler
configure:4058: mipsel-unknown-linux-gnu-g++ -c  -msoft-float conftest.cpp >&5
configure:4058: $? = 0
configure:4067: result: yes
configure:4076: checking whether mipsel-unknown-linux-gnu-g++ accepts -g
configure:4096: mipsel-unknown-linux-gnu-g++ -c -g -msoft-float conftest.cpp >&5
configure:4096: $? = 0
configure:4137: result: yes
configure:4162: checking dependency style of mipsel-unknown-linux-gnu-g++
configure:4273: result: gcc3
configure:4296: checking for mipsel-unknown-linux-gnu-gcc
configure:4323: result: mipsel-unknown-linux-gnu-gcc
configure:4592: checking for C compiler version
configure:4601: mipsel-unknown-linux-gnu-gcc --version >&5
mipsel-unknown-linux-gnu-gcc (crosstool-NG 1.16.0) 4.3.2
Copyright (C) 2008 Free Software Foundation, Inc.
This is free software; see the source for copying conditions.  There is NO
warranty; not even for MERCHANTABILITY or FITNESS FOR A PARTICULAR PURPOSE.

configure:4612: $? = 0
configure:4601: mipsel-unknown-linux-gnu-gcc -v >&5
Using built-in specs.
Target: mipsel-unknown-linux-gnu
Configured with: /home/martijn/Bureaublad/crosstool-ng-1.16.0/.build/src/gcc-4.3.2/configure --build=x86_64-build_unknown-linux-gnu --host=x86_64-build_unknown-linux-gnu --target=mipsel-unknown-linux-gnu --prefix=/home/martijn/x-tools/mipsel-unknown-linux-gnu --with-sysroot=/home/martijn/x-tools/mipsel-unknown-linux-gnu/mipsel-unknown-linux-gnu/sysroot --enable-languages=c,c++ --with-arch=mips1 --with-abi=32 --with-float=soft --with-pkgversion='crosstool-NG 1.16.0' --enable-__cxa_atexit --disable-libmudflap --disable-libgomp --disable-libssp --with-gmp=/home/martijn/Bureaublad/crosstool-ng-1.16.0/.build/mipsel-unknown-linux-gnu/buildtools --with-mpfr=/home/martijn/Bureaublad/crosstool-ng-1.16.0/.build/mipsel-unknown-linux-gnu/buildtools --enable-threads=posix --enable-target-optspace --disable-nls --disable-multilib --with-local-prefix=/home/martijn/x-tools/mipsel-unknown-linux-gnu/mipsel-unknown-linux-gnu/sysroot --enable-c99 --enable-long-long
Thread model: posix
gcc version 4.3.2 (crosstool-NG 1.16.0) 
configure:4612: $? = 0
configure:4601: mipsel-unknown-linux-gnu-gcc -V >&5
mipsel-unknown-linux-gnu-gcc: '-V' option must have argument
configure:4612: $? = 1
configure:4601: mipsel-unknown-linux-gnu-gcc -qversion >&5
mipsel-unknown-linux-gnu-gcc: unrecognized option '-qversion'
mipsel-unknown-linux-gnu-gcc: no input files
configure:4612: $? = 1
configure:4616: checking whether we are using the GNU C compiler
configure:4644: result: yes
configure:4653: checking whether mipsel-unknown-linux-gnu-gcc accepts -g
configure:4714: result: yes
configure:4731: checking for mipsel-unknown-linux-gnu-gcc option to accept ISO C89
configure:4807: result: none needed
configure:4832: checking whether mipsel-unknown-linux-gnu-gcc understands -c and -o together
configure:4869: result: yes
configure:4888: checking dependency style of mipsel-unknown-linux-gnu-gcc
configure:4999: result: gcc3
configure:5020: checking how to run the C preprocessor
configure:5051: mipsel-unknown-linux-gnu-gcc -E -msoft-float conftest.c
configure:5051: $? = 0
configure:5065: mipsel-unknown-linux-gnu-gcc -E -msoft-float conftest.c
conftest.c:11:28: error: ac_nonexistent.h: No such file or directory
configure:5065: $? = 1
configure: failed program was:
| /* confdefs.h */
| #define PACKAGE_NAME "EnigmaLight"
| #define PACKAGE_TARNAME "enigmalight"
| #define PACKAGE_VERSION "rc2"
| #define PACKAGE_STRING "EnigmaLight rc2"
| #define PACKAGE_BUGREPORT ""
| #define PACKAGE_URL ""
| #define PACKAGE "enigmalight"
| #define VERSION "rc2"
| /* end confdefs.h.  */
| #include <ac_nonexistent.h>
configure:5090: result: mipsel-unknown-linux-gnu-gcc -E
configure:5110: mipsel-unknown-linux-gnu-gcc -E -msoft-float conftest.c
configure:5110: $? = 0
configure:5124: mipsel-unknown-linux-gnu-gcc -E -msoft-float conftest.c
conftest.c:11:28: error: ac_nonexistent.h: No such file or directory
configure:5124: $? = 1
configure: failed program was:
| /* confdefs.h */
| #define PACKAGE_NAME "EnigmaLight"
| #define PACKAGE_TARNAME "enigmalight"
| #define PACKAGE_VERSION "rc2"
| #define PACKAGE_STRING "EnigmaLight rc2"
| #define PACKAGE_BUGREPORT ""
| #define PACKAGE_URL ""
| #define PACKAGE "enigmalight"
| #define VERSION "rc2"
| /* end confdefs.h.  */
| #include <ac_nonexistent.h>
configure:5153: checking for grep that handles long lines and -e
configure:5211: result: /bin/grep
configure:5216: checking for egrep
configure:5278: result: /bin/grep -E
configure:5283: checking for ANSI C header files
configure:5303: mipsel-unknown-linux-gnu-gcc -c -g -O2 -msoft-float conftest.c >&5
configure:5303: $? = 0
configure:5387: result: yes
configure:5396: checking for main in -lpthread
configure:5415: mipsel-unknown-linux-gnu-gcc -o conftest -g -O2 -msoft-float  conftest.c -lpthread   >&5
configure:5415: $? = 0
configure:5424: result: yes
configure:5435: checking for main in -lrt
configure:5454: mipsel-unknown-linux-gnu-gcc -o conftest -g -O2 -msoft-float  conftest.c -lrt  -lpthread  >&5
configure:5454: $? = 0
configure:5463: result: yes
configure:5474: checking for main in -lm
configure:5493: mipsel-unknown-linux-gnu-gcc -o conftest -g -O2 -msoft-float  conftest.c -lm  -lrt -lpthread  >&5
configure:5493: $? = 0
configure:5502: result: yes
configure:5513: checking for main in -ldl
configure:5532: mipsel-unknown-linux-gnu-gcc -o conftest -g -O2 -msoft-float  conftest.c -ldl  -lm -lrt -lpthread  >&5
configure:5532: $? = 0
configure:5541: result: yes
configure:5558: checking for sys/types.h
configure:5558: mipsel-unknown-linux-gnu-gcc -c -g -O2 -msoft-float conftest.c >&5
configure:5558: $? = 0
configure:5558: result: yes
configure:5558: checking for sys/stat.h
configure:5558: mipsel-unknown-linux-gnu-gcc -c -g -O2 -msoft-float conftest.c >&5
configure:5558: $? = 0
configure:5558: result: yes
configure:5558: checking for stdlib.h
configure:5558: mipsel-unknown-linux-gnu-gcc -c -g -O2 -msoft-float conftest.c >&5
configure:5558: $? = 0
configure:5558: result: yes
configure:5558: checking for string.h
configure:5558: mipsel-unknown-linux-gnu-gcc -c -g -O2 -msoft-float conftest.c >&5
configure:5558: $? = 0
configure:5558: result: yes
configure:5558: checking for memory.h
configure:5558: mipsel-unknown-linux-gnu-gcc -c -g -O2 -msoft-float conftest.c >&5
configure:5558: $? = 0
configure:5558: result: yes
configure:5558: checking for strings.h
configure:5558: mipsel-unknown-linux-gnu-gcc -c -g -O2 -msoft-float conftest.c >&5
configure:5558: $? = 0
configure:5558: result: yes
configure:5558: checking for inttypes.h
configure:5558: mipsel-unknown-linux-gnu-gcc -c -g -O2 -msoft-float conftest.c >&5
configure:5558: $? = 0
configure:5558: result: yes
configure:5558: checking for stdint.h
configure:5558: mipsel-unknown-linux-gnu-gcc -c -g -O2 -msoft-float conftest.c >&5
configure:5558: $? = 0
configure:5558: result: yes
configure:5558: checking for unistd.h
configure:5558: mipsel-unknown-linux-gnu-gcc -c -g -O2 -msoft-float conftest.c >&5
configure:5558: $? = 0
configure:5558: result: yes
configure:5675: checking whether clock_gettime is declared
configure:5675: mipsel-unknown-linux-gnu-gcc -c -g -O2 -msoft-float conftest.c >&5
configure:5675: $? = 0
configure:5675: result: yes
configure:5795: checking that generated files are newer than configure
configure:5801: result: done
configure:5840: creating ./config.status

## ---------------------- ##
## Running config.status. ##
## ---------------------- ##

This file was extended by EnigmaLight config.status rc2, which was
generated by GNU Autoconf 2.69.  Invocation command line was

  CONFIG_FILES    = 
  CONFIG_HEADERS  = 
  CONFIG_LINKS    = 
  CONFIG_COMMANDS = 
  $ ./config.status 

on ubuntu

config.status:869: creating Makefile
config.status:869: creating src/Makefile
config.status:869: creating src/Include/Config.h
config.status:1050: src/Include/Config.h is unchanged
config.status:1098: executing depfiles commands

## ---------------- ##
## Cache variables. ##
## ---------------- ##

ac_cv_c_compiler_gnu=yes
ac_cv_cxx_compiler_gnu=yes
ac_cv_env_CCC_set=
ac_cv_env_CCC_value=
ac_cv_env_CC_set=set
ac_cv_env_CC_value=mipsel-unknown-linux-gnu-gcc
ac_cv_env_CFLAGS_set=
ac_cv_env_CFLAGS_value=
ac_cv_env_CPPFLAGS_set=set
ac_cv_env_CPPFLAGS_value=-msoft-float
ac_cv_env_CPP_set=
ac_cv_env_CPP_value=
ac_cv_env_CXXFLAGS_set=
ac_cv_env_CXXFLAGS_value=
ac_cv_env_CXX_set=set
ac_cv_env_CXX_value=mipsel-unknown-linux-gnu-g++
ac_cv_env_LDFLAGS_set=
ac_cv_env_LDFLAGS_value=
ac_cv_env_LIBS_set=
ac_cv_env_LIBS_value=
ac_cv_env_build_alias_set=
ac_cv_env_build_alias_value=
ac_cv_env_host_alias_set=set
ac_cv_env_host_alias_value=mipsel-unknown-linux-gnu
ac_cv_env_target_alias_set=
ac_cv_env_target_alias_value=
ac_cv_have_decl_clock_gettime=yes
ac_cv_header_inttypes_h=yes
ac_cv_header_memory_h=yes
ac_cv_header_stdc=yes
ac_cv_header_stdint_h=yes
ac_cv_header_stdlib_h=yes
ac_cv_header_string_h=yes
ac_cv_header_strings_h=yes
ac_cv_header_sys_stat_h=yes
ac_cv_header_sys_types_h=yes
ac_cv_header_unistd_h=yes
ac_cv_lib_dl_main=yes
ac_cv_lib_m_main=yes
ac_cv_lib_pthread_main=yes
ac_cv_lib_rt_main=yes
ac_cv_objext=o
ac_cv_path_EGREP='/bin/grep -E'
ac_cv_path_GREP=/bin/grep
ac_cv_path_install='/usr/bin/install -c'
ac_cv_path_mkdir=/bin/mkdir
ac_cv_prog_AWK=gawk
ac_cv_prog_CC=mipsel-unknown-linux-gnu-gcc
ac_cv_prog_CPP='mipsel-unknown-linux-gnu-gcc -E'
ac_cv_prog_STRIP=mipsel-unknown-linux-gnu-strip
ac_cv_prog_cc_c89=
ac_cv_prog_cc_g=yes
ac_cv_prog_cxx_g=yes
ac_cv_prog_make_make_set=yes
ac_cv_search_strerror='none required'
am_cv_CC_dependencies_compiler_type=gcc3
am_cv_CXX_dependencies_compiler_type=gcc3
am_cv_make_support_nested_variables=yes
am_cv_prog_cc_c_o=yes

## ----------------- ##
## Output variables. ##
## ----------------- ##

ACLOCAL='${SHELL} /home/martijn/dev/build/missing aclocal-1.14'
AMDEPBACKSLASH='\'
AMDEP_FALSE='#'
AMDEP_TRUE=''
AMTAR='$${TAR-tar}'
AM_BACKSLASH='\'
AM_DEFAULT_V='$(AM_DEFAULT_VERBOSITY)'
AM_DEFAULT_VERBOSITY='1'
AM_V='$(V)'
AUTOCONF='${SHELL} /home/martijn/dev/build/missing autoconf'
AUTOHEADER='${SHELL} /home/martijn/dev/build/missing autoheader'
AUTOMAKE='${SHELL} /home/martijn/dev/build/missing automake-1.14'
AWK='gawk'
CC='mipsel-unknown-linux-gnu-gcc'
CCDEPMODE='depmode=gcc3'
CFLAGS='-g -O2'
CPP='mipsel-unknown-linux-gnu-gcc -E'
CPPFLAGS='-msoft-float'
CXX='mipsel-unknown-linux-gnu-g++'
CXXDEPMODE='depmode=gcc3'
CXXFLAGS='-g -O2'
CYGPATH_W='echo'
DEFS='-DHAVE_CONFIG_H'
DEPDIR='.deps'
ECHO_C=''
ECHO_N='-n'
ECHO_T=''
EGREP='/bin/grep -E'
EXEEXT=''
GREP='/bin/grep'
HAVE_LIBUSB_FALSE=''
HAVE_LIBUSB_TRUE='#'
INSTALL_DATA='${INSTALL} -m 644'
INSTALL_PROGRAM='${INSTALL}'
INSTALL_SCRIPT='${INSTALL}'
INSTALL_STRIP_PROGRAM='$(install_sh) -c -s'
LDFLAGS=''
LIBOBJS=''
LIBS='-ldl -lm -lrt -lpthread '
LTLIBOBJS=''
MAINT='#'
MAINTAINER_MODE_FALSE=''
MAINTAINER_MODE_TRUE='#'
MAKEINFO='${SHELL} /home/martijn/dev/build/missing makeinfo'
MKDIR_P='/bin/mkdir -p'
OBJEXT='o'
PACKAGE='enigmalight'
PACKAGE_BUGREPORT=''
PACKAGE_NAME='EnigmaLight'
PACKAGE_STRING='EnigmaLight rc2'
PACKAGE_TARNAME='enigmalight'
PACKAGE_URL=''
PACKAGE_VERSION='rc2'
PATH_SEPARATOR=':'
SET_MAKE=''
SHELL='/bin/bash'
STRIP='mipsel-unknown-linux-gnu-strip'
VERSION='rc2'
ac_ct_CC=''
ac_ct_CXX=''
am__EXEEXT_FALSE=''
am__EXEEXT_TRUE='#'
am__fastdepCC_FALSE='#'
am__fastdepCC_TRUE=''
am__fastdepCXX_FALSE='#'
am__fastdepCXX_TRUE=''
am__include='include'
am__isrc=''
am__leading_dot='.'
am__nodep='_no'
am__quote=''
am__tar='$${TAR-tar} chof - "$$tardir"'
am__untar='$${TAR-tar} xf -'
bindir='${exec_prefix}/bin'
build_alias=''
datadir='${datarootdir}'
datarootdir='${prefix}/share'
docdir='${datarootdir}/doc/${PACKAGE_TARNAME}'
dvidir='${docdir}'
exec_prefix='${prefix}'
host_alias='mipsel-unknown-linux-gnu'
htmldir='${docdir}'
includedir='${prefix}/include'
infodir='${datarootdir}/info'
install_sh='${SHELL} /home/martijn/dev/build/install-sh'
libdir='${exec_prefix}/lib'
libexecdir='${exec_prefix}/libexec'
localedir='${datarootdir}/locale'
localstatedir='${prefix}/var'
mandir='${datarootdir}/man'
mkdir_p='$(MKDIR_P)'
oldincludedir='/usr/include'
pdfdir='${docdir}'
prefix='/home/martijn/dev/usr'
program_transform_name='s,x,x,'
psdir='${docdir}'
sbindir='${exec_prefix}/sbin'
sharedstatedir='${prefix}/com'
sysconfdir='${prefix}/etc'
target_alias=''

## ----------- ##
## confdefs.h. ##
## ----------- ##

/* confdefs.h */
#define PACKAGE_NAME "EnigmaLight"
#define PACKAGE_TARNAME "enigmalight"
#define PACKAGE_VERSION "rc2"
#define PACKAGE_STRING "EnigmaLight rc2"
#define PACKAGE_BUGREPORT ""
#define PACKAGE_URL ""
#define PACKAGE "enigmalight"
#define VERSION "rc2"
#define STDC_HEADERS 1
#define HAVE_LIBPTHREAD 1
#define HAVE_LIBRT 1
#define HAVE_LIBM 1
#define HAVE_LIBDL 1
#define HAVE_SYS_TYPES_H 1
#define HAVE_SYS_STAT_H 1
#define HAVE_STDLIB_H 1
#define HAVE_STRING_H 1
#define HAVE_MEMORY_H 1
#define HAVE_STRINGS_H 1
#define HAVE_INTTYPES_H 1
#define HAVE_STDINT_H 1
#define HAVE_UNISTD_H 1
#define HAVE_CLOCK_GETTIME 1

configure: exit 0
