23:34:30.121507 [InitLog]                        start of log /home/elight-addons/.enigmalight/enigmalight.log
23:34:30.123081 [CConfig::LoadConfigFromFile]    Opening /etc/enigmalight.conf
23:34:30.182770 [CConfig::CheckConfig]           checking config lines
23:34:30.301195 [CConfig::CheckConfig]           config lines valid
23:34:30.307140 [CConfig::LoadConfigFromFile]    Opening /etc/enigmalight.conf
23:34:30.374729 [CConfig::BuildConfig]           building config
23:34:30.577187 [CConfig::BuildConfig]           built config successfully
23:34:30.578007 [main]                           Start device 1 from 1
23:34:30.580357 [CDevice::Process]               ambilight: starting with output "/dev/ttyUSB0"
23:34:30.580599 [CDevice::Process]               ambilight: setting up
23:34:30.612205 [CDevice::Process]               ambilight: setup succeeded
23:34:30.637098 [CEnigmaLight::SetColorSequence] Set colorsequence to RGB
23:34:30.638449 [CGuiServer::Process]            Start GuiServer
23:34:30.638702 [CGuiServer::Process]            Opening listening socket for Enigma2 GUI on 127.0.0.1:6767
23:34:30.641027 [CFlagManager::SetVideoGamma]    Gamma not set, using 2.2 since this is default for video
23:34:30.641219 [CMainLoop::Process]             Starting grabber..
23:34:30.641336 [CGrabber::Setup]                Lights: 92, Cluster leds: 1 as one led
23:34:30.641441 [CGrabber::Setup]                Channels: 276
23:34:30.641556 [CGrabber::Setup]                Interval: 0.10
23:34:30.641669 [CGrabber::Run]                  Mode -> Dynamic
23:34:30.641953 [CStb::DetectSTB]                Detect STB-Type...
23:34:30.642796 [CStb::DetectSTB]                Detected STB-Type: BCM7405
23:34:30.643072 [CFrameGrabber::Setup]           Open memory /dev/mem
23:34:30.650904 [CFrameGrabber::CheckRes]        Set Scanrange to 88x72 (Source 704x576)
23:34:31.128727 [CGuiServer::Process]            GuiClient 127.0.0.1:59417 connected successful.
